[ 2025-08-10 16:51:19,811 ] 1025 httpx - INFO - HTTP Request: GET https://dagshub.com/api/v1/user "HTTP/1.1 200 OK"
[ 2025-08-10 16:51:19,828 ] 107 dagshub - INFO - Accessing as somen2003
[ 2025-08-10 16:51:20,357 ] 1025 httpx - INFO - HTTP Request: GET https://dagshub.com/api/v1/repos/somen2003/NetworkSecurity-Final "HTTP/1.1 200 OK"
[ 2025-08-10 16:51:20,879 ] 1025 httpx - INFO - HTTP Request: GET https://dagshub.com/api/v1/user "HTTP/1.1 200 OK"
[ 2025-08-10 16:51:20,886 ] 107 dagshub - INFO - Initialized MLflow to track repo "somen2003/NetworkSecurity-Final"
[ 2025-08-10 16:51:20,889 ] 107 dagshub - INFO - Repository somen2003/NetworkSecurity-Final initialized!
[ 2025-08-10 16:52:45,899 ] 42 root - INFO - Start data Ingestion
[ 2025-08-10 16:52:53,145 ] 65 root - INFO - Performed train test split on the dataframe
[ 2025-08-10 16:52:53,145 ] 67 root - INFO - Exited split_data_as_train_test method of Data_Ingestion class
[ 2025-08-10 16:52:53,147 ] 75 root - INFO - Exporting train and test file path.
[ 2025-08-10 16:52:53,419 ] 84 root - INFO - Exported train and test file path.
[ 2025-08-10 16:52:53,420 ] 45 root - INFO - Data Ingestion completed and artifact: DataIngestionArtifact(trained_file_path='Artifacts\\08_10_2025_16_51_13\\data_ingestion\\ingested\\train.csv', test_file_path='Artifacts\\08_10_2025_16_51_13\\data_ingestion\\ingested\\test.csv')
[ 2025-08-10 16:52:53,430 ] 55 root - INFO - Initiate the data Validation
[ 2025-08-10 16:52:53,596 ] 32 root - INFO - Required number of columns:2
[ 2025-08-10 16:52:53,597 ] 33 root - INFO - Data frame has columns:31
[ 2025-08-10 16:52:53,597 ] 32 root - INFO - Required number of columns:2
[ 2025-08-10 16:52:53,597 ] 33 root - INFO - Data frame has columns:31
[ 2025-08-10 16:52:53,868 ] 63 root - INFO - Entered initiate_data_transformation method of DataTransformation class
[ 2025-08-10 16:52:53,869 ] 65 root - INFO - Starting data transformation
[ 2025-08-10 16:52:53,909 ] 48 root - INFO - Entered get_data_trnasformer_object method of Trnasformation class
[ 2025-08-10 16:52:53,909 ] 53 root - INFO - Initialise KNNImputer with {'missing_values': nan, 'n_neighbors': 3, 'weights': 'uniform'}
[ 2025-08-10 16:52:53,930 ] 46 root - INFO - Entered the save_object method of MainUtils class
[ 2025-08-10 16:52:53,941 ] 50 root - INFO - Exited the save_object method of MainUtils class
[ 2025-08-10 16:52:53,941 ] 46 root - INFO - Entered the save_object method of MainUtils class
[ 2025-08-10 16:52:53,945 ] 50 root - INFO - Exited the save_object method of MainUtils class
[ 2025-08-10 16:59:15,099 ] 46 root - INFO - Entered the save_object method of MainUtils class
[ 2025-08-10 16:59:15,101 ] 50 root - INFO - Exited the save_object method of MainUtils class
[ 2025-08-10 16:59:15,101 ] 46 root - INFO - Entered the save_object method of MainUtils class
[ 2025-08-10 16:59:15,167 ] 50 root - INFO - Exited the save_object method of MainUtils class
[ 2025-08-10 16:59:15,167 ] 151 root - INFO - Model trainer artifact: ModelTrainerArtifact(trained_model_file_path='Artifacts\\08_10_2025_16_51_13\\model_trainer\\trained_model\\model.pkl', train_metric_artifact=ClassificationMetricArtifact(f1_score=0.991045991045991, precision_score=0.988431093971991, recall_score=0.9936747602530096), test_metric_artifact=ClassificationMetricArtifact(f1_score=0.9747832939322301, precision_score=0.9648985959438378, recall_score=0.9848726114649682))
