[ 2025-08-10 13:21:45,121 ] 1025 httpx - INFO - HTTP Request: GET https://dagshub.com/api/v1/user "HTTP/1.1 200 OK"
[ 2025-08-10 13:21:45,127 ] 107 dagshub - INFO - Accessing as somen2003
[ 2025-08-10 13:21:45,612 ] 1025 httpx - INFO - HTTP Request: GET https://dagshub.com/api/v1/repos/somen2003/NetworkSecurity-Final "HTTP/1.1 200 OK"
[ 2025-08-10 13:21:46,054 ] 1025 httpx - INFO - HTTP Request: GET https://dagshub.com/api/v1/user "HTTP/1.1 200 OK"
[ 2025-08-10 13:21:46,059 ] 107 dagshub - INFO - Initialized MLflow to track repo "somen2003/NetworkSecurity-Final"
[ 2025-08-10 13:21:46,060 ] 107 dagshub - INFO - Repository somen2003/NetworkSecurity-Final initialized!
[ 2025-08-10 13:24:08,848 ] 42 root - INFO - Start data Ingestion
[ 2025-08-10 13:24:13,598 ] 65 root - INFO - Performed train test split on the dataframe
[ 2025-08-10 13:24:13,598 ] 67 root - INFO - Exited split_data_as_train_test method of Data_Ingestion class
[ 2025-08-10 13:24:13,599 ] 75 root - INFO - Exporting train and test file path.
[ 2025-08-10 13:24:13,846 ] 84 root - INFO - Exported train and test file path.
[ 2025-08-10 13:24:13,847 ] 45 root - INFO - Data Ingestion completed and artifact: DataIngestionArtifact(trained_file_path='Artifacts\\08_10_2025_13_21_41\\data_ingestion\\ingested\\train.csv', test_file_path='Artifacts\\08_10_2025_13_21_41\\data_ingestion\\ingested\\test.csv')
[ 2025-08-10 13:24:13,866 ] 55 root - INFO - Initiate the data Validation
[ 2025-08-10 13:24:14,068 ] 32 root - INFO - Required number of columns:2
[ 2025-08-10 13:24:14,069 ] 33 root - INFO - Data frame has columns:31
[ 2025-08-10 13:24:14,069 ] 32 root - INFO - Required number of columns:2
[ 2025-08-10 13:24:14,070 ] 33 root - INFO - Data frame has columns:31
[ 2025-08-10 13:24:14,729 ] 63 root - INFO - Entered initiate_data_transformation method of DataTransformation class
[ 2025-08-10 13:24:14,729 ] 65 root - INFO - Starting data transformation
[ 2025-08-10 13:24:14,820 ] 48 root - INFO - Entered get_data_trnasformer_object method of Trnasformation class
[ 2025-08-10 13:24:14,821 ] 53 root - INFO - Initialise KNNImputer with {'missing_values': nan, 'n_neighbors': 3, 'weights': 'uniform'}
[ 2025-08-10 13:24:14,872 ] 46 root - INFO - Entered the save_object method of MainUtils class
[ 2025-08-10 13:24:14,881 ] 50 root - INFO - Exited the save_object method of MainUtils class
[ 2025-08-10 13:24:14,881 ] 46 root - INFO - Entered the save_object method of MainUtils class
[ 2025-08-10 13:24:14,890 ] 50 root - INFO - Exited the save_object method of MainUtils class
[ 2025-08-10 13:37:59,895 ] 46 root - INFO - Entered the save_object method of MainUtils class
[ 2025-08-10 13:37:59,896 ] 50 root - INFO - Exited the save_object method of MainUtils class
[ 2025-08-10 13:37:59,896 ] 46 root - INFO - Entered the save_object method of MainUtils class
[ 2025-08-10 13:37:59,944 ] 50 root - INFO - Exited the save_object method of MainUtils class
[ 2025-08-10 13:37:59,944 ] 151 root - INFO - Model trainer artifact: ModelTrainerArtifact(trained_model_file_path='Artifacts\\08_10_2025_13_21_41\\model_trainer\\trained_model\\model.pkl', train_metric_artifact=ClassificationMetricArtifact(f1_score=0.9919902666531482, precision_score=0.9888821507984638, recall_score=0.9951179820992677), test_metric_artifact=ClassificationMetricArtifact(f1_score=0.9771176234443998, precision_score=0.9736, recall_score=0.9806607574536664))
