[ 2025-08-10 16:37:14,490 ] 1025 httpx - INFO - HTTP Request: GET https://dagshub.com/api/v1/user "HTTP/1.1 200 OK"
[ 2025-08-10 16:37:14,507 ] 107 dagshub - INFO - Accessing as somen2003
[ 2025-08-10 16:37:15,059 ] 1025 httpx - INFO - HTTP Request: GET https://dagshub.com/api/v1/repos/somen2003/NetworkSecurity-Final "HTTP/1.1 200 OK"
[ 2025-08-10 16:37:15,713 ] 1025 httpx - INFO - HTTP Request: GET https://dagshub.com/api/v1/user "HTTP/1.1 200 OK"
[ 2025-08-10 16:37:15,724 ] 107 dagshub - INFO - Initialized MLflow to track repo "somen2003/NetworkSecurity-Final"
[ 2025-08-10 16:37:15,726 ] 107 dagshub - INFO - Repository somen2003/NetworkSecurity-Final initialized!
[ 2025-08-10 16:37:59,916 ] 42 root - INFO - Start data Ingestion
[ 2025-08-10 16:38:07,565 ] 65 root - INFO - Performed train test split on the dataframe
[ 2025-08-10 16:38:07,565 ] 67 root - INFO - Exited split_data_as_train_test method of Data_Ingestion class
[ 2025-08-10 16:38:07,567 ] 75 root - INFO - Exporting train and test file path.
[ 2025-08-10 16:38:07,669 ] 84 root - INFO - Exported train and test file path.
[ 2025-08-10 16:38:07,669 ] 45 root - INFO - Data Ingestion completed and artifact: DataIngestionArtifact(trained_file_path='Artifacts\\08_10_2025_16_37_09\\data_ingestion\\ingested\\train.csv', test_file_path='Artifacts\\08_10_2025_16_37_09\\data_ingestion\\ingested\\test.csv')
[ 2025-08-10 16:38:07,681 ] 55 root - INFO - Initiate the data Validation
[ 2025-08-10 16:38:07,849 ] 32 root - INFO - Required number of columns:2
[ 2025-08-10 16:38:07,849 ] 33 root - INFO - Data frame has columns:31
[ 2025-08-10 16:38:07,849 ] 32 root - INFO - Required number of columns:2
[ 2025-08-10 16:38:07,849 ] 33 root - INFO - Data frame has columns:31
[ 2025-08-10 16:38:08,105 ] 63 root - INFO - Entered initiate_data_transformation method of DataTransformation class
[ 2025-08-10 16:38:08,105 ] 65 root - INFO - Starting data transformation
[ 2025-08-10 16:38:08,142 ] 48 root - INFO - Entered get_data_trnasformer_object method of Trnasformation class
[ 2025-08-10 16:38:08,143 ] 53 root - INFO - Initialise KNNImputer with {'missing_values': nan, 'n_neighbors': 3, 'weights': 'uniform'}
[ 2025-08-10 16:38:08,175 ] 46 root - INFO - Entered the save_object method of MainUtils class
[ 2025-08-10 16:38:08,181 ] 50 root - INFO - Exited the save_object method of MainUtils class
[ 2025-08-10 16:38:08,182 ] 46 root - INFO - Entered the save_object method of MainUtils class
[ 2025-08-10 16:38:08,186 ] 50 root - INFO - Exited the save_object method of MainUtils class
[ 2025-08-10 16:44:24,057 ] 46 root - INFO - Entered the save_object method of MainUtils class
[ 2025-08-10 16:44:24,061 ] 50 root - INFO - Exited the save_object method of MainUtils class
[ 2025-08-10 16:44:24,062 ] 46 root - INFO - Entered the save_object method of MainUtils class
[ 2025-08-10 16:44:24,107 ] 50 root - INFO - Exited the save_object method of MainUtils class
[ 2025-08-10 16:44:24,108 ] 151 root - INFO - Model trainer artifact: ModelTrainerArtifact(trained_model_file_path='Artifacts\\08_10_2025_16_37_09\\model_trainer\\trained_model\\model.pkl', train_metric_artifact=ClassificationMetricArtifact(f1_score=0.99146167920309, precision_score=0.9888483373884833, recall_score=0.9940888707704851), test_metric_artifact=ClassificationMetricArtifact(f1_score=0.9728434504792333, precision_score=0.9720670391061452, recall_score=0.973621103117506))
