[ 2025-08-10 16:31:45,292 ] 1025 httpx - INFO - HTTP Request: GET https://dagshub.com/api/v1/user "HTTP/1.1 200 OK"
[ 2025-08-10 16:31:45,311 ] 107 dagshub - INFO - Accessing as somen2003
[ 2025-08-10 16:31:46,050 ] 1025 httpx - INFO - HTTP Request: GET https://dagshub.com/api/v1/repos/somen2003/NetworkSecurity-Final "HTTP/1.1 200 OK"
[ 2025-08-10 16:31:46,826 ] 1025 httpx - INFO - HTTP Request: GET https://dagshub.com/api/v1/user "HTTP/1.1 200 OK"
[ 2025-08-10 16:31:46,830 ] 107 dagshub - INFO - Initialized MLflow to track repo "somen2003/NetworkSecurity-Final"
[ 2025-08-10 16:31:46,832 ] 107 dagshub - INFO - Repository somen2003/NetworkSecurity-Final initialized!
[ 2025-08-10 16:32:21,985 ] 42 root - INFO - Start data Ingestion
[ 2025-08-10 16:32:26,138 ] 65 root - INFO - Performed train test split on the dataframe
[ 2025-08-10 16:32:26,138 ] 67 root - INFO - Exited split_data_as_train_test method of Data_Ingestion class
[ 2025-08-10 16:32:26,141 ] 75 root - INFO - Exporting train and test file path.
[ 2025-08-10 16:32:26,369 ] 84 root - INFO - Exported train and test file path.
[ 2025-08-10 16:32:26,371 ] 45 root - INFO - Data Ingestion completed and artifact: DataIngestionArtifact(trained_file_path='Artifacts\\08_10_2025_16_31_40\\data_ingestion\\ingested\\train.csv', test_file_path='Artifacts\\08_10_2025_16_31_40\\data_ingestion\\ingested\\test.csv')
[ 2025-08-10 16:32:26,393 ] 55 root - INFO - Initiate the data Validation
[ 2025-08-10 16:32:26,564 ] 32 root - INFO - Required number of columns:2
[ 2025-08-10 16:32:26,564 ] 33 root - INFO - Data frame has columns:31
[ 2025-08-10 16:32:26,564 ] 32 root - INFO - Required number of columns:2
[ 2025-08-10 16:32:26,564 ] 33 root - INFO - Data frame has columns:31
[ 2025-08-10 16:32:27,306 ] 63 root - INFO - Entered initiate_data_transformation method of DataTransformation class
[ 2025-08-10 16:32:27,306 ] 65 root - INFO - Starting data transformation
[ 2025-08-10 16:32:27,395 ] 48 root - INFO - Entered get_data_trnasformer_object method of Trnasformation class
[ 2025-08-10 16:32:27,395 ] 53 root - INFO - Initialise KNNImputer with {'missing_values': nan, 'n_neighbors': 3, 'weights': 'uniform'}
[ 2025-08-10 16:32:27,437 ] 46 root - INFO - Entered the save_object method of MainUtils class
[ 2025-08-10 16:32:27,447 ] 50 root - INFO - Exited the save_object method of MainUtils class
[ 2025-08-10 16:32:27,448 ] 46 root - INFO - Entered the save_object method of MainUtils class
[ 2025-08-10 16:32:27,459 ] 50 root - INFO - Exited the save_object method of MainUtils class
